<?xml version="1.0" encoding="UTF-8"?>
<!-- Generated by org.testng.reporters.JUnitReportReporter -->
<testsuite skipped="0" hostname="DESKTOP-SSA0485" name="BrowserStackAndroid" tests="4" failures="0" timestamp="2020-09-11T10:53:26 IST" time="219.300" errors="0">
  <testcase name="launchAndroidGooglePixel3Xl" time="48.102" classname="BrowserStackAndroid"/>
  <system-out/>
  <testcase name="launchAndroidSamsungTabS6" time="47.797" classname="BrowserStackAndroid"/>
  <system-out/>
  <testcase name="launchAndroidMotorolaG7" time="53.227" classname="BrowserStackAndroid"/>
  <system-out/>
  <testcase name="launchAndroidSamsungGalaxys8Plus" time="70.174" classname="BrowserStackAndroid"/>
  <system-out/>
</testsuite> <!-- BrowserStackAndroid -->
