<?xml version="1.0" encoding="UTF-8"?>
<!-- Generated by org.testng.reporters.JUnitReportReporter -->
<testsuite skipped="0" hostname="DESKTOP-SSA0485" name="BrowserStackAndroid" tests="4" failures="0" timestamp="2020-09-11T11:40:27 IST" time="217.702" errors="0">
  <testcase name="launchAndroidSamsungGalaxys8Plus" time="70.827" classname="BrowserStackAndroid"/>
  <system-out/>
  <testcase name="launchAndroidMotorolaG7" time="55.145" classname="BrowserStackAndroid"/>
  <system-out/>
  <testcase name="launchAndroidGooglePixel3Xl" time="46.269" classname="BrowserStackAndroid"/>
  <system-out/>
  <testcase name="launchAndroidSamsungTabS6" time="45.461" classname="BrowserStackAndroid"/>
  <system-out/>
</testsuite> <!-- BrowserStackAndroid -->
